C51 COMPILER V9.60.0.0   MAIN                                                              03/17/2022 22:44:06 PAGE 1   


C51 COMPILER V9.60.0.0, COMPILATION OF MODULE MAIN
OBJECT MODULE PLACED IN main.OBJ
COMPILER INVOKED BY: D:\Code\ARM\C51\BIN\C51.EXE main.c LARGE OMF2 OPTIMIZE(8,SPEED) BROWSE INCDIR(..\Include;..\Include
                    -) DEBUG PRINT(.\Listings\main.lst) TABS(2)

line level    source

   1          #include "main.h"
   2          
   3          
   4          sbit KEY1=P2^0;
   5          sbit KEY2=P2^1;
   6          sbit KEY3=P2^3;
   7          sbit KEY4=P2^2;
   8          
   9          const char *content = "yunguokeji";
  10            unsigned char TxBuf[20]={0};   // 
  11          u8   UART_BUFFER[64]={0},RF24L01RxBuffer[64]={0};
  12          void main()
  13          {
  14   1        u32 num=0;
  15   1        OLED_Init();         //初始化OLED  
  16   1          OLED_Clear();
  17   1        
  18   1        drv_spi_init( );           //SPI初始化
  19   1        
  20   1        
  21   1        NRF24L01_Gpio_Init( );    //RF24L01引脚初始化
  22   1        
  23   1      
  24   1        NRF24L01_check( );      //检测nRF24L01
  25   1        RF24L01_Init( );
  26   1        RF24L01_Set_Mode( MODE_TX );    //发送模式
  27   1      
  28   1        
  29   1        //****************发送********************************************//
  30   1        while(1)
  31   1        {
  32   2           RF24L01_Set_Mode( MODE_TX );   //发送模式
  33   2           
  34   2      //     NRF24L01_TxPacket( UART_BUFFER, 10 );    //模式1发送固定字符,1S一包
  35   2      //     num++;
  36   2      //     OLED_ShowNum(90,3,num,3,16);
  37   2      //     delay_ms( 1000 );
  38   2          
  39   2          if( KEY1==0)
  40   2          {
  41   3             delay_ms( 5);
  42   3             if( KEY1==0)
  43   3              {
  44   4                 TxBuf[1] = 1 ;
  45   4                 NRF24L01_TxPacket(TxBuf, 2 );    //模式1发送固定字符,1S一包
  46   4                OLED_Clear();  
  47   4                OLED_ShowString(10,10,"advance",4);
  48   4              }
  49   3          }else if( KEY2==0)
  50   2          {
  51   3             delay_ms( 5);
  52   3             if( KEY2==0)
  53   3              {
  54   4                 TxBuf[1] = 2 ;
C51 COMPILER V9.60.0.0   MAIN                                                              03/17/2022 22:44:06 PAGE 2   

  55   4                 NRF24L01_TxPacket(TxBuf, 2 );    //模式1发送固定字符,1S一包
  56   4                OLED_Clear();  
  57   4                OLED_ShowString(10,10,"Stop",4);
  58   4                
  59   4              }
  60   3          }else if( KEY3==0)
  61   2          {
  62   3             delay_ms( 5);
  63   3             if( KEY3==0)
  64   3              {
  65   4                 TxBuf[1] = 3 ;
  66   4                 NRF24L01_TxPacket(TxBuf, 2 );    //模式1发送固定字符,1S一包
  67   4                OLED_Clear();  
  68   4                OLED_ShowString(10,10,"left",4);
  69   4              }
  70   3          }else if( KEY4==0)
  71   2          {
  72   3             delay_ms( 5);
  73   3             if( KEY4==0)
  74   3              {
  75   4                 TxBuf[1] = 4 ;
  76   4                 NRF24L01_TxPacket(TxBuf, 2 );    //模式1发送固定字符,1S一包
  77   4                OLED_Clear();  
  78   4                OLED_ShowString(10,10,"right",4);
  79   4              }
  80   3          }else{
  81   3             TxBuf[1] = 0 ;
  82   3                 NRF24L01_TxPacket(TxBuf, 2 );    //模式1发送固定字符,1S一包
  83   3          }
  84   2          TxBuf[1] = 0x00;
  85   2          TxBuf[2] = 0x00;
  86   2        }
  87   1      }


MODULE INFORMATION:   STATIC OVERLAYABLE
   CODE SIZE        =    242    ----
   CONSTANT SIZE    =     35    ----
   XDATA SIZE       =    151       2
   PDATA SIZE       =   ----    ----
   DATA SIZE        =   ----    ----
   IDATA SIZE       =   ----    ----
   BIT SIZE         =   ----    ----
   EDATA SIZE       =   ----    ----
   HDATA SIZE       =   ----    ----
   XDATA CONST SIZE =   ----    ----
   FAR CONST SIZE   =   ----    ----
END OF MODULE INFORMATION.


C51 COMPILATION COMPLETE.  0 WARNING(S),  0 ERROR(S)
