C51 COMPILER V9.54   MAIN                                                                  08/10/2018 11:14:34 PAGE 1   


C51 COMPILER V9.54, COMPILATION OF MODULE MAIN
OBJECT MODULE PLACED IN main.OBJ
COMPILER INVOKED BY: D:\Keil_v5\C51\BIN\C51.EXE main.c LARGE OMF2 OPTIMIZE(8,SPEED) BROWSE INCDIR(..\Include;..\Include)
                    - DEBUG PRINT(.\Listings\main.lst)

line level    source

   1          /*
   2          
   3              GT-24 V1.0 (RF24L01) 测试开发程序
   4          
   5              编者：果云科技有限公司
   6                  淘宝店铺:https://shop532831232.taobao.com
   7                  
   8                  适用芯片：89C52
   9                  
  10                  线路连接：  RF24L01： VCC        3.3V
  11                                                       GND        GND
  12                                                            CE        P1^0
  13                                                           IRQ        P1^5
  14                                   CSN        P1^3
  15                                                       SCK        P1^1
  16                                                          MOSI        P1^4
  17                                                          MISO        P1^2
  18                                                          
  19                              OLED(IIC):  VCC        3.3V
  20                                                  GND        GND
  21                                                          SCL        P1^6
  22                                                          SDA        P1^7
  23                                                          
  24              最后修改时间；2018年8月1日 12:00:00
  25          
  26          */
  27          #include "main.h"
  28          
  29          const char *content = "yunguokeji";
  30          u8   UART_BUFFER[64]={0},RF24L01RxBuffer[64]={0};
  31          void main()
  32          {
  33   1              u8 j;
  34   1              u32 num=0;
  35   1              OLED_Init();                       //初始化OLED  
  36   1          OLED_Clear();
  37   1              
  38   1              drv_spi_init( );           //SPI初始化
  39   1              
  40   1              
  41   1              NRF24L01_Gpio_Init( );    //RF24L01引脚初始化
  42   1              
  43   1      
  44   1              NRF24L01_check( );                //检测nRF24L01
  45   1              RF24L01_Init( );
  46   1              RF24L01_Set_Mode( MODE_RX );            //接收模式
  47   1              OLED_ShowCHinese(0,2,0);     //接
  48   1              OLED_ShowCHinese(18,2,1);    //收
  49   1              OLED_ShowCHinese(36,2,2);    //数
  50   1              OLED_ShowCHinese(54,2,3);    //据
  51   1              OLED_ShowCHinese(72,2,4);    //：
  52   1              
  53   1              OLED_ShowCHinese(0,0,5);     //果
  54   1              OLED_ShowCHinese(16,0,6);    //云
C51 COMPILER V9.54   MAIN                                                                  08/10/2018 11:14:34 PAGE 2   

  55   1              OLED_ShowCHinese(32,0,7);    //科
  56   1              OLED_ShowCHinese(48,0,8);    //技
  57   1              OLED_ShowCHinese(64,0,9);    //有
  58   1              OLED_ShowCHinese(80,0,10);   //限
  59   1              OLED_ShowCHinese(96,0,11);   //公
  60   1              OLED_ShowCHinese(112,0,12);  //司
  61   1              delay_ms(1000);
  62   1              //********************************接收*************************************//
  63   1              while(1)
  64   1              {
  65   2                       RF24L01_Set_Mode( MODE_RX );           //接收模式
  66   2                       j = NRF24L01_RxPacket( RF24L01RxBuffer );              //接收字节
  67   2                      if( 0 != j )
  68   2                      {
  69   3                              OLED_Clear();
  70   3                              OLED_ShowString(0,num,RF24L01RxBuffer,8);               
  71   3                              num++;
  72   3                      if(num==8)  num=0;
  73   3                      }
  74   2              }
  75   1      }


MODULE INFORMATION:   STATIC OVERLAYABLE
   CODE SIZE        =    229    ----
   CONSTANT SIZE    =     11    ----
   XDATA SIZE       =    131       2
   PDATA SIZE       =   ----    ----
   DATA SIZE        =   ----    ----
   IDATA SIZE       =   ----    ----
   BIT SIZE         =   ----    ----
   EDATA SIZE       =   ----    ----
   HDATA SIZE       =   ----    ----
   XDATA CONST SIZE =   ----    ----
   FAR CONST SIZE   =   ----    ----
END OF MODULE INFORMATION.


C51 COMPILATION COMPLETE.  0 WARNING(S),  0 ERROR(S)
