C51 COMPILER V9.54   DELAY                                                                 08/10/2018 11:14:58 PAGE 1   


C51 COMPILER V9.54, COMPILATION OF MODULE DELAY
OBJECT MODULE PLACED IN .\delay.obj
COMPILER INVOKED BY: D:\Keil_v5\C51\BIN\C51.EXE ..\Common\delay.c LARGE OMF2 OPTIMIZE(8,SPEED) BROWSE INCDIR(..\Include)
                    - DEBUG PRINT(.\Listings\delay.lst) OBJECT(.\delay.obj)

line level    source

   1          /*
   2          
   3              GT-24 V1.0 (RF24L01) 测试开发程序
   4          
   5              编者：果云科技有限公司
   6                  淘宝店铺:https://shop532831232.taobao.com
   7                  
   8                  适用芯片：89C52
   9                  
  10                  线路连接：  RF24L01： VCC        3.3V
  11                                                       GND        GND
  12                                                            CE        P1^0
  13                                                           IRQ        P1^5
  14                                   CSN        P1^3
  15                                                       SCK        P1^1
  16                                                          MOSI        P1^4
  17                                                          MISO        P1^2
  18                                                          
  19                              OLED(IIC):  VCC        3.3V
  20                                                  GND        GND
  21                                                          SCL        P1^6
  22                                                          SDA        P1^7
  23                                                          
  24              最后修改时间；2018年8月1日 12:00:00
  25          
  26          */
  27          #include "delay.h"
  28          
  29          /**
  30            * @brief :1MS延时函数
  31            * @param :
  32            * @note  :12MHz 下1MS延时
  33            * @retval:无
  34            */
  35          void delay_1ms( )
  36          {
  37   1              uint16_t Ms = 1;
  38   1              uint32_t j = 80;
  39   1              
  40   1              while( Ms-- )
  41   1              {
  42   2                      while( j-- );
  43   2              }
  44   1      }
  45          
  46          /**
  47            * @brief :MS延时函数
  48            * @param :
  49            *     @Ms:延时的MS数
  50            * @note  :无
  51            * @retval:无
  52            */
  53          void delay_ms( uint16_t Ms )
  54          {
C51 COMPILER V9.54   DELAY                                                                 08/10/2018 11:14:58 PAGE 2   

  55   1              while( Ms-- )
  56   1              {
  57   2                      delay_1ms( );
  58   2              }
  59   1      }


MODULE INFORMATION:   STATIC OVERLAYABLE
   CODE SIZE        =     59    ----
   CONSTANT SIZE    =   ----    ----
   XDATA SIZE       =   ----       2
   PDATA SIZE       =   ----    ----
   DATA SIZE        =   ----    ----
   IDATA SIZE       =   ----    ----
   BIT SIZE         =   ----    ----
   EDATA SIZE       =   ----    ----
   HDATA SIZE       =   ----    ----
   XDATA CONST SIZE =   ----    ----
   FAR CONST SIZE   =   ----    ----
END OF MODULE INFORMATION.


C51 COMPILATION COMPLETE.  0 WARNING(S),  0 ERROR(S)
