C51 COMPILER V9.60.0.0   MAIN                                                              03/11/2022 12:18:36 PAGE 1   


C51 COMPILER V9.60.0.0, COMPILATION OF MODULE MAIN
OBJECT MODULE PLACED IN main.OBJ
COMPILER INVOKED BY: D:\Code\ARM\C51\BIN\C51.EXE main.c LARGE OMF2 OPTIMIZE(8,SPEED) BROWSE INCDIR(..\Include;..\Include
                    -) DEBUG PRINT(.\Listings\main.lst) TABS(2)

line level    source

   1          /*
   2          
   3              GT-24 V1.0 (RF24L01) 测试开发程序
   4          
   5              编者：果云科技有限公司
   6            淘宝店铺:https://shop532831232.taobao.com
   7            
   8            适用芯片：89C52
   9            
  10            线路连接：  RF24L01： VCC        3.3V
  11                         GND        GND
  12                        CE        P1^0
  13                       IRQ        P1^5
  14                                   CSN        P1^3
  15                         SCK        P1^1
  16                      MOSI        P1^4
  17                      MISO        P1^2
  18                      
  19                  OLED(IIC):  VCC    3.3V
  20                          GND        GND
  21                      SCL        P1^6
  22                      SDA        P1^7
  23                      
  24              最后修改时间；2018年8月1日 12:00:00
  25          
  26          */
  27          #include "main.h"
  28          
  29          sbit S2=P3^0;
  30          sbit S3=P3^1;
  31          const char *content = "wujinchang";
  32          u8   UART_BUFFER[64]={0},RF24L01RxBuffer[64]={0};
  33          void main()
  34          {
  35   1        u32 num=0;
  36   1        OLED_Init();         //初始化OLED  
  37   1          OLED_Clear();
  38   1        
  39   1        drv_spi_init( );           //SPI初始化
  40   1        
  41   1        
  42   1        NRF24L01_Gpio_Init( );    //RF24L01引脚初始化
  43   1        
  44   1      
  45   1        NRF24L01_check( );      //检测nRF24L01
  46   1        RF24L01_Init( );
  47   1        RF24L01_Set_Mode( MODE_TX );    //发送模式
  48   1        OLED_ShowCHinese(0,3,0);     //发
  49   1        OLED_ShowCHinese(18,3,1);    //送
  50   1        OLED_ShowCHinese(36,3,2);    //次
  51   1        OLED_ShowCHinese(54,3,3);    //数
  52   1        OLED_ShowCHinese(72,3,4);    //：
  53   1        
  54   1        OLED_ShowCHinese(0,0,5);     //果
C51 COMPILER V9.60.0.0   MAIN                                                              03/11/2022 12:18:36 PAGE 2   

  55   1        OLED_ShowCHinese(16,0,6);    //云
  56   1        OLED_ShowCHinese(32,0,7);    //科
  57   1        OLED_ShowCHinese(48,0,8);    //技
  58   1        OLED_ShowCHinese(64,0,9);    //有
  59   1        OLED_ShowCHinese(80,0,10);   //限
  60   1        OLED_ShowCHinese(96,0,11);   //公
  61   1        OLED_ShowCHinese(112,0,12);  //司
  62   1        //****************发送********************************************//
  63   1         RF24L01_Set_Mode( MODE_TX );   //发送模式
  64   1        while(1)
  65   1        {
  66   2          if(S2==0)
  67   2          {
  68   3          
  69   3           NRF24L01_TxPacket(0, 12 );   //模式1发送固定字符,1S一包
  70   3            
  71   3            while(!S2);
  72   3          }
  73   2          
  74   2          if(S3==0)
  75   2          {
  76   3           
  77   3           NRF24L01_TxPacket(1, 2 );    //模式1发送固定字符,1S一包
*** WARNING C196 IN LINE 77 OF main.c: mspace probably invalid
  78   3            while(!S3);
  79   3          }
  80   2          
  81   2      
  82   2      ////     NRF24L01_TxPacket( UART_BUFFER, 10 );    //模式1发送固定字符,1S一包
  83   2      //     num++;
  84   2      //     OLED_ShowNum(90,3,num,3,16);
  85   2           delay_ms( 5 );
  86   2        }
  87   1      }


MODULE INFORMATION:   STATIC OVERLAYABLE
   CODE SIZE        =    193    ----
   CONSTANT SIZE    =     11    ----
   XDATA SIZE       =    131       2
   PDATA SIZE       =   ----    ----
   DATA SIZE        =   ----    ----
   IDATA SIZE       =   ----    ----
   BIT SIZE         =   ----    ----
   EDATA SIZE       =   ----    ----
   HDATA SIZE       =   ----    ----
   XDATA CONST SIZE =   ----    ----
   FAR CONST SIZE   =   ----    ----
END OF MODULE INFORMATION.


C51 COMPILATION COMPLETE.  1 WARNING(S),  0 ERROR(S)
